[17:50:10] SRTLinker 준비 완료.
[17:50:25] [1/1] Accenture Anzo Training Workshop-20240709_090646-Meeting Recording.mp4 처리 시작
[18:03:09]   ✗ 실패: Accenture Anzo Training Workshop-20240709_090646-Meeting Recording.mp4: TranslationMappingError: id 불일치: missing=[238, 239, 240], extra=[]
[18:03:09] Traceback (most recent call last):
  File "C:\Users\gksmf\SRTLinker\gui.py", line 235, in _run_worker
    out = process_file(src, cfg, progress=prog)
          ^^^^^^^^^^^^^^^^^^^^^^^^^^^^^^^^^^^^^
  File "C:\Users\gksmf\SRTLinker\pipeline.py", line 66, in process_file
    merged.update(translator.translate_chunk(ch))
                  ^^^^^^^^^^^^^^^^^^^^^^^^^^^^^^
  File "C:\Users\gksmf\SRTLinker\.venv\Lib\site-packages\tenacity\__init__.py", line 331, in wrapped_f
    return copy(f, *args, **kw)
           ^^^^^^^^^^^^^^^^^^^^
  File "C:\Users\gksmf\SRTLinker\.venv\Lib\site-packages\tenacity\__init__.py", line 470, in __call__
    do = self.iter(retry_state=retry_state)
         ^^^^^^^^^^^^^^^^^^^^^^^^^^^^^^^^^^
  File "C:\Users\gksmf\SRTLinker\.venv\Lib\site-packages\tenacity\__init__.py", line 371, in iter
    result = action(retry_state)
             ^^^^^^^^^^^^^^^^^^^
  File "C:\Users\gksmf\SRTLinker\.venv\Lib\site-packages\tenacity\__init__.py", line 413, in exc_check
    raise retry_exc.reraise()
          ^^^^^^^^^^^^^^^^^^^
  File "C:\Users\gksmf\SRTLinker\.venv\Lib\site-packages\tenacity\__init__.py", line 184, in reraise
    raise self.last_attempt.result()
          ^^^^^^^^^^^^^^^^^^^^^^^^^^
  File "C:\Users\gksmf\AppData\Local\Programs\Python\Python312\Lib\concurrent\futures\_base.py", line 449, in result
    return self.__get_result()
           ^^^^^^^^^^^^^^^^^^^
  File "C:\Users\gksmf\AppData\Local\Programs\Python\Python312\Lib\concurrent\futures\_base.py", line 401, in __get_result
    raise self._exception
  File "C:\Users\gksmf\SRTLinker\.venv\Lib\site-packages\tenacity\__init__.py", line 473, in __call__
    result = fn(*args, **kwargs)
             ^^^^^^^^^^^^^^^^^^^
  File "C:\Users\gksmf\SRTLinker\translator.py", line 89, in translate_chunk
    raise TranslationMappingError(
translator.TranslationMappingError: id 불일치: missing=[238, 239, 240], extra=[]

[18:03:09] ⚠ 1개 파일 실패. 상세는 로그 파일 참고: logs\srtlinker_20260424_175010.log
